<?xml version="1.0" encoding="UTF-8"?>
<testsuite xmlns:xsi="http://www.w3.org/2001/XMLSchema-instance" xsi:noNamespaceSchemaLocation="https://maven.apache.org/surefire/maven-surefire-plugin/xsd/surefire-test-report.xsd" name="inf226.inforum.storage.StorageTests" time="0.243" tests="9" errors="2" skipped="0" failures="0">
  <properties>
[...]
</properties>
  <testcase name="testMessageStorageRenew" classname="inf226.inforum.storage.StorageTests" time="0.208"/>
  <testcase name="testMessageStorageSave" classname="inf226.inforum.storage.StorageTests" time="0.002"/>
  <testcase name="testUserContextStorageRenew" classname="inf226.inforum.storage.StorageTests" time="0.006">
    <error message="Unresolved compilation problem: &#10;	The constructor User(String, String, Instant) is undefined&#10;" type="java.lang.Error">java.lang.Error: 
Unresolved compilation problem: 
	The constructor User(String, String, Instant) is undefined

	at inf226.inforum.storage.StorageTests.testUserContextStorageRenew(StorageTests.java:238)
</error>
  </testcase>
  <testcase name="storedNewVerion" classname="inf226.inforum.storage.StorageTests" time="0.002"/>
  <testcase name="testMessageStorageUpdate" classname="inf226.inforum.storage.StorageTests" time="0.001"/>
  <testcase name="testUserStorageSave" classname="inf226.inforum.storage.StorageTests" time="0.001">
    <error message="Unresolved compilation problem: &#10;	The constructor User(String, String, Instant) is undefined&#10;" type="java.lang.Error">java.lang.Error: 
Unresolved compilation problem: 
	The constructor User(String, String, Instant) is undefined

	at inf226.inforum.storage.StorageTests.testUserStorageSave(StorageTests.java:215)
</error>
  </testcase>
  <testcase name="testThreadStorageRenew" classname="inf226.inforum.storage.StorageTests" time="0.009"/>
  <testcase name="testThreadStorageSave" classname="inf226.inforum.storage.StorageTests" time="0.001"/>
  <testcase name="testThreadStorageUpdate" classname="inf226.inforum.storage.StorageTests" time="0.002"/>
</testsuite>